  Cell.cpp
C:\Programowanie\SFML\MazeGenerator\MazeGenerator\Border.h(20,35): warning C4244: "inicjowanie": konwersja z "_Ty2" do "float", możliwa utrata danych
          with
          [
              _Ty2=int
          ]
C:\Programowanie\SFML\MazeGenerator\MazeGenerator\Border.h(21,7): warning C4244: "inicjowanie": konwersja z "_Ty1" do "float", możliwa utrata danych
          with
          [
              _Ty1=int
          ]
C:\Programowanie\SFML\MazeGenerator\MazeGenerator\Border.h(21,32): warning C4244: "inicjowanie": konwersja z "_Ty2" do "float", możliwa utrata danych
          with
          [
              _Ty2=int
          ]
C:\Program Files\Microsoft Visual Studio\2022\Community\VC\Tools\MSVC\14.33.31629\include\utility(190,16): warning C4244: "inicjowanie": konwersja z "_Ty" do "_Ty1", możliwa utrata danych
          with
          [
              _Ty=int
          ]
          and
          [
              _Ty1=float
          ]
C:\Programowanie\SFML\MazeGenerator\MazeGenerator\Cell.cpp(18): message : zobacz odwołanie do kompilowanego tworzenia wystąpienia „std::pair<float,int>::pair<int,int,0>(_Other1 &&,_Other2 &&) noexcept” funkcji szablon
          with
          [
              _Other1=int,
              _Other2=int
          ]
C:\Programowanie\SFML\MazeGenerator\MazeGenerator\Cell.cpp(18): message : zobacz odwołanie do kompilowanego tworzenia wystąpienia „std::pair<float,int>::pair<int,int,0>(_Other1 &&,_Other2 &&) noexcept” funkcji szablon
          with
          [
              _Other1=int,
              _Other2=int
          ]
C:\Program Files\Microsoft Visual Studio\2022\Community\VC\Tools\MSVC\14.33.31629\include\utility(190,16): warning C4244: "inicjowanie": konwersja z "const float" do "_Ty1", możliwa utrata danych
          with
          [
              _Ty1=int
          ]
C:\Programowanie\SFML\MazeGenerator\MazeGenerator\Cell.cpp(48): message : zobacz odwołanie do kompilowanego tworzenia wystąpienia „std::pair<int,int>::pair<const float&,const float&,0>(_Other1,_Other2) noexcept” funkcji szablon
          with
          [
              _Other1=const float &,
              _Other2=const float &
          ]
C:\Programowanie\SFML\MazeGenerator\MazeGenerator\Cell.cpp(48): message : zobacz odwołanie do kompilowanego tworzenia wystąpienia „std::pair<int,int>::pair<const float&,const float&,0>(_Other1,_Other2) noexcept” funkcji szablon
          with
          [
              _Other1=const float &,
              _Other2=const float &
          ]
C:\Program Files\Microsoft Visual Studio\2022\Community\VC\Tools\MSVC\14.33.31629\include\utility(190,54): warning C4244: "inicjowanie": konwersja z "const float" do "_Ty2", możliwa utrata danych
          with
          [
              _Ty2=int
          ]
  main.cpp
C:\Programowanie\SFML\MazeGenerator\MazeGenerator\Border.h(20,35): warning C4244: "inicjowanie": konwersja z "_Ty2" do "float", możliwa utrata danych
          with
          [
              _Ty2=int
          ]
C:\Programowanie\SFML\MazeGenerator\MazeGenerator\Border.h(21,7): warning C4244: "inicjowanie": konwersja z "_Ty1" do "float", możliwa utrata danych
          with
          [
              _Ty1=int
          ]
C:\Programowanie\SFML\MazeGenerator\MazeGenerator\Border.h(21,32): warning C4244: "inicjowanie": konwersja z "_Ty2" do "float", możliwa utrata danych
          with
          [
              _Ty2=int
          ]
  Screen.cpp
C:\Programowanie\SFML\MazeGenerator\MazeGenerator\Border.h(20,35): warning C4244: "inicjowanie": konwersja z "_Ty2" do "float", możliwa utrata danych
          with
          [
              _Ty2=int
          ]
C:\Programowanie\SFML\MazeGenerator\MazeGenerator\Border.h(21,7): warning C4244: "inicjowanie": konwersja z "_Ty1" do "float", możliwa utrata danych
          with
          [
              _Ty1=int
          ]
C:\Programowanie\SFML\MazeGenerator\MazeGenerator\Border.h(21,32): warning C4244: "inicjowanie": konwersja z "_Ty2" do "float", możliwa utrata danych
          with
          [
              _Ty2=int
          ]
C:\Programowanie\SFML\MazeGenerator\MazeGenerator\Screen.cpp(7,49): warning C4244: "argument": konwersja z "const float" do "unsigned int", możliwa utrata danych
C:\Programowanie\SFML\MazeGenerator\MazeGenerator\Screen.cpp(7,40): warning C4244: "argument": konwersja z "const float" do "unsigned int", możliwa utrata danych
C:\Programowanie\SFML\MazeGenerator\MazeGenerator\Screen.cpp(54,14): warning C4244: "inicjowanie": konwersja z "double" do "int", możliwa utrata danych
C:\Programowanie\SFML\MazeGenerator\MazeGenerator\Screen.cpp(54,40): warning C4244: "+=": konwersja z "float" do "int", możliwa utrata danych
C:\Programowanie\SFML\MazeGenerator\MazeGenerator\Screen.cpp(57,29): warning C4244: "argument": konwersja z "int" do "T", możliwa utrata danych
          with
          [
              T=float
          ]
C:\Programowanie\SFML\MazeGenerator\MazeGenerator\Screen.cpp(58,29): warning C4244: "argument": konwersja z "int" do "T", możliwa utrata danych
          with
          [
              T=float
          ]
C:\Programowanie\SFML\MazeGenerator\MazeGenerator\Screen.cpp(62,14): warning C4244: "inicjowanie": konwersja z "double" do "int", możliwa utrata danych
C:\Programowanie\SFML\MazeGenerator\MazeGenerator\Screen.cpp(62,40): warning C4244: "+=": konwersja z "float" do "int", możliwa utrata danych
C:\Programowanie\SFML\MazeGenerator\MazeGenerator\Screen.cpp(65,35): warning C4244: "argument": konwersja z "int" do "T", możliwa utrata danych
          with
          [
              T=float
          ]
C:\Programowanie\SFML\MazeGenerator\MazeGenerator\Screen.cpp(66,38): warning C4244: "argument": konwersja z "int" do "T", możliwa utrata danych
          with
          [
              T=float
          ]
C:\Programowanie\SFML\MazeGenerator\MazeGenerator\Screen.cpp(90,9): warning C4244: "inicjowanie": konwersja z "float" do "int", możliwa utrata danych
C:\Programowanie\SFML\MazeGenerator\MazeGenerator\Screen.cpp(91,9): warning C4244: "inicjowanie": konwersja z "float" do "int", możliwa utrata danych
C:\Programowanie\SFML\MazeGenerator\MazeGenerator\Screen.cpp(95,15): warning C4244: "inicjowanie": konwersja z "const float" do "int", możliwa utrata danych
C:\Programowanie\SFML\MazeGenerator\MazeGenerator\Screen.cpp(95,43): warning C4244: "+=": konwersja z "float" do "int", możliwa utrata danych
C:\Programowanie\SFML\MazeGenerator\MazeGenerator\Screen.cpp(96,16): warning C4244: "inicjowanie": konwersja z "const float" do "int", możliwa utrata danych
C:\Programowanie\SFML\MazeGenerator\MazeGenerator\Screen.cpp(96,45): warning C4244: "+=": konwersja z "float" do "int", możliwa utrata danych
C:\Programowanie\SFML\MazeGenerator\MazeGenerator\Screen.cpp(99,42): warning C4244: "argument": konwersja z "int" do "T", możliwa utrata danych
          with
          [
              T=float
          ]
C:\Programowanie\SFML\MazeGenerator\MazeGenerator\Screen.cpp(99,39): warning C4244: "argument": konwersja z "int" do "T", możliwa utrata danych
          with
          [
              T=float
          ]
C:\Programowanie\SFML\MazeGenerator\MazeGenerator\Screen.cpp(104,14): warning C4244: "inicjowanie": konwersja z "const float" do "int", możliwa utrata danych
C:\Programowanie\SFML\MazeGenerator\MazeGenerator\Screen.cpp(104,44): warning C4244: "+=": konwersja z "float" do "int", możliwa utrata danych
C:\Programowanie\SFML\MazeGenerator\MazeGenerator\Screen.cpp(107,29): warning C4244: "argument": konwersja z "int" do "T", możliwa utrata danych
          with
          [
              T=float
          ]
C:\Programowanie\SFML\MazeGenerator\MazeGenerator\Screen.cpp(108,32): warning C4244: "argument": konwersja z "int" do "T", możliwa utrata danych
          with
          [
              T=float
          ]
C:\Programowanie\SFML\MazeGenerator\MazeGenerator\Screen.cpp(108,29): warning C4244: "argument": konwersja z "int" do "T", możliwa utrata danych
          with
          [
              T=float
          ]
C:\Programowanie\SFML\MazeGenerator\MazeGenerator\Screen.cpp(112,14): warning C4244: "inicjowanie": konwersja z "const float" do "int", możliwa utrata danych
C:\Programowanie\SFML\MazeGenerator\MazeGenerator\Screen.cpp(112,43): warning C4244: "+=": konwersja z "float" do "int", możliwa utrata danych
C:\Programowanie\SFML\MazeGenerator\MazeGenerator\Screen.cpp(115,43): warning C4244: "argument": konwersja z "int" do "T", możliwa utrata danych
          with
          [
              T=float
          ]
C:\Programowanie\SFML\MazeGenerator\MazeGenerator\Screen.cpp(116,32): warning C4244: "argument": konwersja z "int" do "T", możliwa utrata danych
          with
          [
              T=float
          ]
C:\Programowanie\SFML\MazeGenerator\MazeGenerator\Screen.cpp(116,29): warning C4244: "argument": konwersja z "int" do "T", możliwa utrata danych
          with
          [
              T=float
          ]
C:\Programowanie\SFML\MazeGenerator\MazeGenerator\Screen.cpp(138,13): warning C4244: "inicjowanie": konwersja z "float" do "int", możliwa utrata danych
C:\Programowanie\SFML\MazeGenerator\MazeGenerator\Screen.cpp(139,13): warning C4244: "inicjowanie": konwersja z "float" do "int", możliwa utrata danych
C:\Programowanie\SFML\MazeGenerator\MazeGenerator\Screen.cpp(148,7): warning C4267: "argument": konwersja z "size_t" do "int", możliwa utrata danych
C:\Program Files\Microsoft Visual Studio\2022\Community\VC\Tools\MSVC\14.33.31629\include\utility(190,54): warning C4244: "inicjowanie": konwersja z "float" do "_Ty2", możliwa utrata danych
          with
          [
              _Ty2=int
          ]
C:\Programowanie\SFML\MazeGenerator\MazeGenerator\Screen.cpp(14): message : zobacz odwołanie do kompilowanego tworzenia wystąpienia „std::pair<float,int>::pair<float&,float&,0>(_Other1,_Other2) noexcept” funkcji szablon
          with
          [
              _Other1=float &,
              _Other2=float &
          ]
C:\Programowanie\SFML\MazeGenerator\MazeGenerator\Screen.cpp(14): message : zobacz odwołanie do kompilowanego tworzenia wystąpienia „std::pair<float,int>::pair<float&,float&,0>(_Other1,_Other2) noexcept” funkcji szablon
          with
          [
              _Other1=float &,
              _Other2=float &
          ]
C:\Program Files\Microsoft Visual Studio\2022\Community\VC\Tools\MSVC\14.33.31629\include\utility(190,16): warning C4244: "inicjowanie": konwersja z "_Ty" do "_Ty1", możliwa utrata danych
          with
          [
              _Ty=float
          ]
          and
          [
              _Ty1=int
          ]
C:\Programowanie\SFML\MazeGenerator\MazeGenerator\Screen.cpp(14): message : zobacz odwołanie do kompilowanego tworzenia wystąpienia „std::pair<int,int>::pair<float,float&,0>(_Other1 &&,_Other2) noexcept” funkcji szablon
          with
          [
              _Other1=float,
              _Other2=float &
          ]
C:\Programowanie\SFML\MazeGenerator\MazeGenerator\Screen.cpp(14): message : zobacz odwołanie do kompilowanego tworzenia wystąpienia „std::pair<int,int>::pair<float,float&,0>(_Other1 &&,_Other2) noexcept” funkcji szablon
          with
          [
              _Other1=float,
              _Other2=float &
          ]
C:\Program Files\Microsoft Visual Studio\2022\Community\VC\Tools\MSVC\14.33.31629\include\utility(190,54): warning C4244: "inicjowanie": konwersja z "_Ty" do "_Ty2", możliwa utrata danych
          with
          [
              _Ty=float
          ]
          and
          [
              _Ty2=int
          ]
C:\Programowanie\SFML\MazeGenerator\MazeGenerator\Screen.cpp(15): message : zobacz odwołanie do kompilowanego tworzenia wystąpienia „std::pair<float,int>::pair<float&,float,0>(_Other1,_Other2 &&) noexcept” funkcji szablon
          with
          [
              _Other1=float &,
              _Other2=float
          ]
C:\Programowanie\SFML\MazeGenerator\MazeGenerator\Screen.cpp(15): message : zobacz odwołanie do kompilowanego tworzenia wystąpienia „std::pair<float,int>::pair<float&,float,0>(_Other1,_Other2 &&) noexcept” funkcji szablon
          with
          [
              _Other1=float &,
              _Other2=float
          ]
C:\Program Files\Microsoft Visual Studio\2022\Community\VC\Tools\MSVC\14.33.31629\include\utility(190,16): warning C4244: "inicjowanie": konwersja z "float" do "_Ty1", możliwa utrata danych
          with
          [
              _Ty1=int
          ]
C:\Programowanie\SFML\MazeGenerator\MazeGenerator\Screen.cpp(16): message : zobacz odwołanie do kompilowanego tworzenia wystąpienia „std::pair<int,int>::pair<float&,float,0>(_Other1,_Other2 &&) noexcept” funkcji szablon
          with
          [
              _Other1=float &,
              _Other2=float
          ]
C:\Programowanie\SFML\MazeGenerator\MazeGenerator\Screen.cpp(16): message : zobacz odwołanie do kompilowanego tworzenia wystąpienia „std::pair<int,int>::pair<float&,float,0>(_Other1,_Other2 &&) noexcept” funkcji szablon
          with
          [
              _Other1=float &,
              _Other2=float
          ]
sfml-graphics-s-d.lib(RenderStates.cpp.obj) : error LNK2038: wykryto niezgodność dla elementu „_ITERATOR_DEBUG_LEVEL”: wartość „2” jest niezgodna z wartością „0” w elemencie Cell.obj
sfml-graphics-s-d.lib(RenderStates.cpp.obj) : error LNK2038: wykryto niezgodność dla elementu „RuntimeLibrary”: wartość „MDd_DynamicDebug” jest niezgodna z wartością „MD_DynamicRelease” w elemencie Cell.obj
sfml-graphics-s-d.lib(Transformable.cpp.obj) : error LNK2038: wykryto niezgodność dla elementu „_ITERATOR_DEBUG_LEVEL”: wartość „2” jest niezgodna z wartością „0” w elemencie Cell.obj
sfml-graphics-s-d.lib(Transformable.cpp.obj) : error LNK2038: wykryto niezgodność dla elementu „RuntimeLibrary”: wartość „MDd_DynamicDebug” jest niezgodna z wartością „MD_DynamicRelease” w elemencie Cell.obj
sfml-graphics-s-d.lib(Color.cpp.obj) : error LNK2038: wykryto niezgodność dla elementu „_ITERATOR_DEBUG_LEVEL”: wartość „2” jest niezgodna z wartością „0” w elemencie Cell.obj
sfml-graphics-s-d.lib(Color.cpp.obj) : error LNK2038: wykryto niezgodność dla elementu „RuntimeLibrary”: wartość „MDd_DynamicDebug” jest niezgodna z wartością „MD_DynamicRelease” w elemencie Cell.obj
sfml-graphics-s-d.lib(RenderTarget.cpp.obj) : error LNK2038: wykryto niezgodność dla elementu „_ITERATOR_DEBUG_LEVEL”: wartość „2” jest niezgodna z wartością „0” w elemencie Cell.obj
sfml-graphics-s-d.lib(RenderTarget.cpp.obj) : error LNK2038: wykryto niezgodność dla elementu „RuntimeLibrary”: wartość „MDd_DynamicDebug” jest niezgodna z wartością „MD_DynamicRelease” w elemencie Cell.obj
sfml-graphics-s-d.lib(Shape.cpp.obj) : error LNK2038: wykryto niezgodność dla elementu „_ITERATOR_DEBUG_LEVEL”: wartość „2” jest niezgodna z wartością „0” w elemencie Cell.obj
sfml-graphics-s-d.lib(Shape.cpp.obj) : error LNK2038: wykryto niezgodność dla elementu „RuntimeLibrary”: wartość „MDd_DynamicDebug” jest niezgodna z wartością „MD_DynamicRelease” w elemencie Cell.obj
sfml-graphics-s-d.lib(RectangleShape.cpp.obj) : error LNK2038: wykryto niezgodność dla elementu „_ITERATOR_DEBUG_LEVEL”: wartość „2” jest niezgodna z wartością „0” w elemencie Cell.obj
sfml-graphics-s-d.lib(RectangleShape.cpp.obj) : error LNK2038: wykryto niezgodność dla elementu „RuntimeLibrary”: wartość „MDd_DynamicDebug” jest niezgodna z wartością „MD_DynamicRelease” w elemencie Cell.obj
sfml-graphics-s-d.lib(RenderWindow.cpp.obj) : error LNK2038: wykryto niezgodność dla elementu „_ITERATOR_DEBUG_LEVEL”: wartość „2” jest niezgodna z wartością „0” w elemencie Cell.obj
sfml-graphics-s-d.lib(RenderWindow.cpp.obj) : error LNK2038: wykryto niezgodność dla elementu „RuntimeLibrary”: wartość „MDd_DynamicDebug” jest niezgodna z wartością „MD_DynamicRelease” w elemencie Cell.obj
sfml-graphics-s-d.lib(Transform.cpp.obj) : error LNK2038: wykryto niezgodność dla elementu „_ITERATOR_DEBUG_LEVEL”: wartość „2” jest niezgodna z wartością „0” w elemencie Cell.obj
sfml-graphics-s-d.lib(Transform.cpp.obj) : error LNK2038: wykryto niezgodność dla elementu „RuntimeLibrary”: wartość „MDd_DynamicDebug” jest niezgodna z wartością „MD_DynamicRelease” w elemencie Cell.obj
sfml-graphics-s-d.lib(View.cpp.obj) : error LNK2038: wykryto niezgodność dla elementu „_ITERATOR_DEBUG_LEVEL”: wartość „2” jest niezgodna z wartością „0” w elemencie Cell.obj
sfml-graphics-s-d.lib(View.cpp.obj) : error LNK2038: wykryto niezgodność dla elementu „RuntimeLibrary”: wartość „MDd_DynamicDebug” jest niezgodna z wartością „MD_DynamicRelease” w elemencie Cell.obj
sfml-graphics-s-d.lib(Shader.cpp.obj) : error LNK2038: wykryto niezgodność dla elementu „_ITERATOR_DEBUG_LEVEL”: wartość „2” jest niezgodna z wartością „0” w elemencie Cell.obj
sfml-graphics-s-d.lib(Shader.cpp.obj) : error LNK2038: wykryto niezgodność dla elementu „RuntimeLibrary”: wartość „MDd_DynamicDebug” jest niezgodna z wartością „MD_DynamicRelease” w elemencie Cell.obj
sfml-graphics-s-d.lib(Texture.cpp.obj) : error LNK2038: wykryto niezgodność dla elementu „_ITERATOR_DEBUG_LEVEL”: wartość „2” jest niezgodna z wartością „0” w elemencie Cell.obj
sfml-graphics-s-d.lib(Texture.cpp.obj) : error LNK2038: wykryto niezgodność dla elementu „RuntimeLibrary”: wartość „MDd_DynamicDebug” jest niezgodna z wartością „MD_DynamicRelease” w elemencie Cell.obj
sfml-graphics-s-d.lib(VertexBuffer.cpp.obj) : error LNK2038: wykryto niezgodność dla elementu „_ITERATOR_DEBUG_LEVEL”: wartość „2” jest niezgodna z wartością „0” w elemencie Cell.obj
sfml-graphics-s-d.lib(VertexBuffer.cpp.obj) : error LNK2038: wykryto niezgodność dla elementu „RuntimeLibrary”: wartość „MDd_DynamicDebug” jest niezgodna z wartością „MD_DynamicRelease” w elemencie Cell.obj
sfml-graphics-s-d.lib(GLExtensions.cpp.obj) : error LNK2038: wykryto niezgodność dla elementu „_ITERATOR_DEBUG_LEVEL”: wartość „2” jest niezgodna z wartością „0” w elemencie Cell.obj
sfml-graphics-s-d.lib(GLExtensions.cpp.obj) : error LNK2038: wykryto niezgodność dla elementu „RuntimeLibrary”: wartość „MDd_DynamicDebug” jest niezgodna z wartością „MD_DynamicRelease” w elemencie Cell.obj
sfml-graphics-s-d.lib(GLCheck.cpp.obj) : error LNK2038: wykryto niezgodność dla elementu „_ITERATOR_DEBUG_LEVEL”: wartość „2” jest niezgodna z wartością „0” w elemencie Cell.obj
sfml-graphics-s-d.lib(GLCheck.cpp.obj) : error LNK2038: wykryto niezgodność dla elementu „RuntimeLibrary”: wartość „MDd_DynamicDebug” jest niezgodna z wartością „MD_DynamicRelease” w elemencie Cell.obj
sfml-graphics-s-d.lib(VertexArray.cpp.obj) : error LNK2038: wykryto niezgodność dla elementu „_ITERATOR_DEBUG_LEVEL”: wartość „2” jest niezgodna z wartością „0” w elemencie Cell.obj
sfml-graphics-s-d.lib(VertexArray.cpp.obj) : error LNK2038: wykryto niezgodność dla elementu „RuntimeLibrary”: wartość „MDd_DynamicDebug” jest niezgodna z wartością „MD_DynamicRelease” w elemencie Cell.obj
sfml-graphics-s-d.lib(RenderTextureImplFBO.cpp.obj) : error LNK2038: wykryto niezgodność dla elementu „_ITERATOR_DEBUG_LEVEL”: wartość „2” jest niezgodna z wartością „0” w elemencie Cell.obj
sfml-graphics-s-d.lib(RenderTextureImplFBO.cpp.obj) : error LNK2038: wykryto niezgodność dla elementu „RuntimeLibrary”: wartość „MDd_DynamicDebug” jest niezgodna z wartością „MD_DynamicRelease” w elemencie Cell.obj
sfml-graphics-s-d.lib(Glsl.cpp.obj) : error LNK2038: wykryto niezgodność dla elementu „_ITERATOR_DEBUG_LEVEL”: wartość „2” jest niezgodna z wartością „0” w elemencie Cell.obj
sfml-graphics-s-d.lib(Glsl.cpp.obj) : error LNK2038: wykryto niezgodność dla elementu „RuntimeLibrary”: wartość „MDd_DynamicDebug” jest niezgodna z wartością „MD_DynamicRelease” w elemencie Cell.obj
sfml-graphics-s-d.lib(Image.cpp.obj) : error LNK2038: wykryto niezgodność dla elementu „_ITERATOR_DEBUG_LEVEL”: wartość „2” jest niezgodna z wartością „0” w elemencie Cell.obj
sfml-graphics-s-d.lib(Image.cpp.obj) : error LNK2038: wykryto niezgodność dla elementu „RuntimeLibrary”: wartość „MDd_DynamicDebug” jest niezgodna z wartością „MD_DynamicRelease” w elemencie Cell.obj
sfml-graphics-s-d.lib(ImageLoader.cpp.obj) : error LNK2038: wykryto niezgodność dla elementu „_ITERATOR_DEBUG_LEVEL”: wartość „2” jest niezgodna z wartością „0” w elemencie Cell.obj
sfml-graphics-s-d.lib(ImageLoader.cpp.obj) : error LNK2038: wykryto niezgodność dla elementu „RuntimeLibrary”: wartość „MDd_DynamicDebug” jest niezgodna z wartością „MD_DynamicRelease” w elemencie Cell.obj
sfml-window-s-d.lib(Window.cpp.obj) : error LNK2038: wykryto niezgodność dla elementu „_ITERATOR_DEBUG_LEVEL”: wartość „2” jest niezgodna z wartością „0” w elemencie Cell.obj
sfml-window-s-d.lib(Window.cpp.obj) : error LNK2038: wykryto niezgodność dla elementu „RuntimeLibrary”: wartość „MDd_DynamicDebug” jest niezgodna z wartością „MD_DynamicRelease” w elemencie Cell.obj
sfml-window-s-d.lib(VideoMode.cpp.obj) : error LNK2038: wykryto niezgodność dla elementu „_ITERATOR_DEBUG_LEVEL”: wartość „2” jest niezgodna z wartością „0” w elemencie Cell.obj
sfml-window-s-d.lib(VideoMode.cpp.obj) : error LNK2038: wykryto niezgodność dla elementu „RuntimeLibrary”: wartość „MDd_DynamicDebug” jest niezgodna z wartością „MD_DynamicRelease” w elemencie Cell.obj
sfml-window-s-d.lib(Context.cpp.obj) : error LNK2038: wykryto niezgodność dla elementu „_ITERATOR_DEBUG_LEVEL”: wartość „2” jest niezgodna z wartością „0” w elemencie Cell.obj
sfml-window-s-d.lib(Context.cpp.obj) : error LNK2038: wykryto niezgodność dla elementu „RuntimeLibrary”: wartość „MDd_DynamicDebug” jest niezgodna z wartością „MD_DynamicRelease” w elemencie Cell.obj
sfml-window-s-d.lib(GlContext.cpp.obj) : error LNK2038: wykryto niezgodność dla elementu „_ITERATOR_DEBUG_LEVEL”: wartość „2” jest niezgodna z wartością „0” w elemencie Cell.obj
sfml-window-s-d.lib(GlContext.cpp.obj) : error LNK2038: wykryto niezgodność dla elementu „RuntimeLibrary”: wartość „MDd_DynamicDebug” jest niezgodna z wartością „MD_DynamicRelease” w elemencie Cell.obj
sfml-window-s-d.lib(WindowImpl.cpp.obj) : error LNK2038: wykryto niezgodność dla elementu „_ITERATOR_DEBUG_LEVEL”: wartość „2” jest niezgodna z wartością „0” w elemencie Cell.obj
sfml-window-s-d.lib(WindowImpl.cpp.obj) : error LNK2038: wykryto niezgodność dla elementu „RuntimeLibrary”: wartość „MDd_DynamicDebug” jest niezgodna z wartością „MD_DynamicRelease” w elemencie Cell.obj
sfml-window-s-d.lib(VideoModeImpl.cpp.obj) : error LNK2038: wykryto niezgodność dla elementu „_ITERATOR_DEBUG_LEVEL”: wartość „2” jest niezgodna z wartością „0” w elemencie Cell.obj
sfml-window-s-d.lib(VideoModeImpl.cpp.obj) : error LNK2038: wykryto niezgodność dla elementu „RuntimeLibrary”: wartość „MDd_DynamicDebug” jest niezgodna z wartością „MD_DynamicRelease” w elemencie Cell.obj
sfml-window-s-d.lib(CursorImpl.cpp.obj) : error LNK2038: wykryto niezgodność dla elementu „_ITERATOR_DEBUG_LEVEL”: wartość „2” jest niezgodna z wartością „0” w elemencie Cell.obj
sfml-window-s-d.lib(CursorImpl.cpp.obj) : error LNK2038: wykryto niezgodność dla elementu „RuntimeLibrary”: wartość „MDd_DynamicDebug” jest niezgodna z wartością „MD_DynamicRelease” w elemencie Cell.obj
sfml-window-s-d.lib(WglContext.cpp.obj) : error LNK2038: wykryto niezgodność dla elementu „_ITERATOR_DEBUG_LEVEL”: wartość „2” jest niezgodna z wartością „0” w elemencie Cell.obj
sfml-window-s-d.lib(WglContext.cpp.obj) : error LNK2038: wykryto niezgodność dla elementu „RuntimeLibrary”: wartość „MDd_DynamicDebug” jest niezgodna z wartością „MD_DynamicRelease” w elemencie Cell.obj
sfml-window-s-d.lib(JoystickManager.cpp.obj) : error LNK2038: wykryto niezgodność dla elementu „_ITERATOR_DEBUG_LEVEL”: wartość „2” jest niezgodna z wartością „0” w elemencie Cell.obj
sfml-window-s-d.lib(JoystickManager.cpp.obj) : error LNK2038: wykryto niezgodność dla elementu „RuntimeLibrary”: wartość „MDd_DynamicDebug” jest niezgodna z wartością „MD_DynamicRelease” w elemencie Cell.obj
sfml-window-s-d.lib(SensorManager.cpp.obj) : error LNK2038: wykryto niezgodność dla elementu „_ITERATOR_DEBUG_LEVEL”: wartość „2” jest niezgodna z wartością „0” w elemencie Cell.obj
sfml-window-s-d.lib(SensorManager.cpp.obj) : error LNK2038: wykryto niezgodność dla elementu „RuntimeLibrary”: wartość „MDd_DynamicDebug” jest niezgodna z wartością „MD_DynamicRelease” w elemencie Cell.obj
sfml-window-s-d.lib(WindowImplWin32.cpp.obj) : error LNK2038: wykryto niezgodność dla elementu „_ITERATOR_DEBUG_LEVEL”: wartość „2” jest niezgodna z wartością „0” w elemencie Cell.obj
sfml-window-s-d.lib(WindowImplWin32.cpp.obj) : error LNK2038: wykryto niezgodność dla elementu „RuntimeLibrary”: wartość „MDd_DynamicDebug” jest niezgodna z wartością „MD_DynamicRelease” w elemencie Cell.obj
sfml-window-s-d.lib(WglExtensions.cpp.obj) : error LNK2038: wykryto niezgodność dla elementu „_ITERATOR_DEBUG_LEVEL”: wartość „2” jest niezgodna z wartością „0” w elemencie Cell.obj
sfml-window-s-d.lib(WglExtensions.cpp.obj) : error LNK2038: wykryto niezgodność dla elementu „RuntimeLibrary”: wartość „MDd_DynamicDebug” jest niezgodna z wartością „MD_DynamicRelease” w elemencie Cell.obj
sfml-window-s-d.lib(Joystick.cpp.obj) : error LNK2038: wykryto niezgodność dla elementu „_ITERATOR_DEBUG_LEVEL”: wartość „2” jest niezgodna z wartością „0” w elemencie Cell.obj
sfml-window-s-d.lib(Joystick.cpp.obj) : error LNK2038: wykryto niezgodność dla elementu „RuntimeLibrary”: wartość „MDd_DynamicDebug” jest niezgodna z wartością „MD_DynamicRelease” w elemencie Cell.obj
sfml-window-s-d.lib(JoystickImpl.cpp.obj) : error LNK2038: wykryto niezgodność dla elementu „_ITERATOR_DEBUG_LEVEL”: wartość „2” jest niezgodna z wartością „0” w elemencie Cell.obj
sfml-window-s-d.lib(JoystickImpl.cpp.obj) : error LNK2038: wykryto niezgodność dla elementu „RuntimeLibrary”: wartość „MDd_DynamicDebug” jest niezgodna z wartością „MD_DynamicRelease” w elemencie Cell.obj
sfml-system-s-d.lib(String.cpp.obj) : error LNK2038: wykryto niezgodność dla elementu „_ITERATOR_DEBUG_LEVEL”: wartość „2” jest niezgodna z wartością „0” w elemencie Cell.obj
sfml-system-s-d.lib(String.cpp.obj) : error LNK2038: wykryto niezgodność dla elementu „RuntimeLibrary”: wartość „MDd_DynamicDebug” jest niezgodna z wartością „MD_DynamicRelease” w elemencie Cell.obj
sfml-system-s-d.lib(Err.cpp.obj) : error LNK2038: wykryto niezgodność dla elementu „_ITERATOR_DEBUG_LEVEL”: wartość „2” jest niezgodna z wartością „0” w elemencie Cell.obj
sfml-system-s-d.lib(Err.cpp.obj) : error LNK2038: wykryto niezgodność dla elementu „RuntimeLibrary”: wartość „MDd_DynamicDebug” jest niezgodna z wartością „MD_DynamicRelease” w elemencie Cell.obj
sfml-system-s-d.lib(ThreadLocal.cpp.obj) : error LNK2038: wykryto niezgodność dla elementu „_ITERATOR_DEBUG_LEVEL”: wartość „2” jest niezgodna z wartością „0” w elemencie Cell.obj
sfml-system-s-d.lib(ThreadLocal.cpp.obj) : error LNK2038: wykryto niezgodność dla elementu „RuntimeLibrary”: wartość „MDd_DynamicDebug” jest niezgodna z wartością „MD_DynamicRelease” w elemencie Cell.obj
LINK : warning LNK4098: domyślna biblioteka „MSVCRTD” powoduje konflikt z innymi bibliotekami; użyj opcji /NODEFAULTLIB:biblioteka
sfml-window-s-d.lib(WindowImplWin32.cpp.obj) : error LNK2001: nierozpoznany symbol zewnętrzny __imp__invalid_parameter
sfml-window-s-d.lib(WglExtensions.cpp.obj) : error LNK2001: nierozpoznany symbol zewnętrzny __imp__invalid_parameter
sfml-window-s-d.lib(JoystickImpl.cpp.obj) : error LNK2001: nierozpoznany symbol zewnętrzny __imp__invalid_parameter
sfml-system-s-d.lib(String.cpp.obj) : error LNK2001: nierozpoznany symbol zewnętrzny __imp__invalid_parameter
sfml-window-s-d.lib(WindowImpl.cpp.obj) : error LNK2001: nierozpoznany symbol zewnętrzny __imp__invalid_parameter
sfml-window-s-d.lib(VideoModeImpl.cpp.obj) : error LNK2001: nierozpoznany symbol zewnętrzny __imp__invalid_parameter
sfml-window-s-d.lib(WglContext.cpp.obj) : error LNK2001: nierozpoznany symbol zewnętrzny __imp__invalid_parameter
sfml-window-s-d.lib(JoystickManager.cpp.obj) : error LNK2001: nierozpoznany symbol zewnętrzny __imp__invalid_parameter
sfml-graphics-s-d.lib(ImageLoader.cpp.obj) : error LNK2001: nierozpoznany symbol zewnętrzny __imp__invalid_parameter
sfml-window-s-d.lib(Window.cpp.obj) : error LNK2001: nierozpoznany symbol zewnętrzny __imp__invalid_parameter
sfml-window-s-d.lib(VideoMode.cpp.obj) : error LNK2001: nierozpoznany symbol zewnętrzny __imp__invalid_parameter
sfml-window-s-d.lib(GlContext.cpp.obj) : error LNK2001: nierozpoznany symbol zewnętrzny __imp__invalid_parameter
sfml-graphics-s-d.lib(GLCheck.cpp.obj) : error LNK2001: nierozpoznany symbol zewnętrzny __imp__invalid_parameter
sfml-graphics-s-d.lib(VertexArray.cpp.obj) : error LNK2001: nierozpoznany symbol zewnętrzny __imp__invalid_parameter
sfml-graphics-s-d.lib(RenderTextureImplFBO.cpp.obj) : error LNK2001: nierozpoznany symbol zewnętrzny __imp__invalid_parameter
sfml-graphics-s-d.lib(Image.cpp.obj) : error LNK2001: nierozpoznany symbol zewnętrzny __imp__invalid_parameter
sfml-graphics-s-d.lib(RenderTarget.cpp.obj) : error LNK2001: nierozpoznany symbol zewnętrzny __imp__invalid_parameter
sfml-graphics-s-d.lib(Shape.cpp.obj) : error LNK2001: nierozpoznany symbol zewnętrzny __imp__invalid_parameter
sfml-graphics-s-d.lib(Shader.cpp.obj) : error LNK2001: nierozpoznany symbol zewnętrzny __imp__invalid_parameter
sfml-graphics-s-d.lib(Texture.cpp.obj) : error LNK2001: nierozpoznany symbol zewnętrzny __imp__invalid_parameter
sfml-window-s-d.lib(WindowImplWin32.cpp.obj) : error LNK2001: nierozpoznany symbol zewnętrzny __imp__CrtDbgReportW
sfml-window-s-d.lib(WglExtensions.cpp.obj) : error LNK2001: nierozpoznany symbol zewnętrzny __imp__CrtDbgReportW
sfml-window-s-d.lib(JoystickImpl.cpp.obj) : error LNK2001: nierozpoznany symbol zewnętrzny __imp__CrtDbgReportW
sfml-system-s-d.lib(String.cpp.obj) : error LNK2001: nierozpoznany symbol zewnętrzny __imp__CrtDbgReportW
sfml-window-s-d.lib(WindowImpl.cpp.obj) : error LNK2001: nierozpoznany symbol zewnętrzny __imp__CrtDbgReportW
sfml-window-s-d.lib(VideoModeImpl.cpp.obj) : error LNK2001: nierozpoznany symbol zewnętrzny __imp__CrtDbgReportW
sfml-window-s-d.lib(WglContext.cpp.obj) : error LNK2001: nierozpoznany symbol zewnętrzny __imp__CrtDbgReportW
sfml-window-s-d.lib(JoystickManager.cpp.obj) : error LNK2001: nierozpoznany symbol zewnętrzny __imp__CrtDbgReportW
sfml-graphics-s-d.lib(ImageLoader.cpp.obj) : error LNK2001: nierozpoznany symbol zewnętrzny __imp__CrtDbgReportW
sfml-window-s-d.lib(Window.cpp.obj) : error LNK2001: nierozpoznany symbol zewnętrzny __imp__CrtDbgReportW
sfml-window-s-d.lib(VideoMode.cpp.obj) : error LNK2001: nierozpoznany symbol zewnętrzny __imp__CrtDbgReportW
sfml-window-s-d.lib(GlContext.cpp.obj) : error LNK2001: nierozpoznany symbol zewnętrzny __imp__CrtDbgReportW
sfml-graphics-s-d.lib(GLCheck.cpp.obj) : error LNK2001: nierozpoznany symbol zewnętrzny __imp__CrtDbgReportW
sfml-graphics-s-d.lib(VertexArray.cpp.obj) : error LNK2001: nierozpoznany symbol zewnętrzny __imp__CrtDbgReportW
sfml-graphics-s-d.lib(RenderTextureImplFBO.cpp.obj) : error LNK2001: nierozpoznany symbol zewnętrzny __imp__CrtDbgReportW
sfml-graphics-s-d.lib(Image.cpp.obj) : error LNK2001: nierozpoznany symbol zewnętrzny __imp__CrtDbgReportW
sfml-graphics-s-d.lib(RenderTarget.cpp.obj) : error LNK2001: nierozpoznany symbol zewnętrzny __imp__CrtDbgReportW
sfml-graphics-s-d.lib(Shape.cpp.obj) : error LNK2001: nierozpoznany symbol zewnętrzny __imp__CrtDbgReportW
sfml-graphics-s-d.lib(Shader.cpp.obj) : error LNK2001: nierozpoznany symbol zewnętrzny __imp__CrtDbgReportW
sfml-graphics-s-d.lib(Texture.cpp.obj) : error LNK2001: nierozpoznany symbol zewnętrzny __imp__CrtDbgReportW
C:\Programowanie\SFML\MazeGenerator\x64\Release\MazeGenerator.exe : fatal error LNK1120: liczba nierozpoznanych elementów zewnętrznych: 2
